[
  "run1":{
    "Extract_Registry_Path": {
        "data": {
            "targetPath": "HKU\\S-1-5-21-2919669256-1865303586-1805099321-500_Classes\\CLSID\\{B5F8350B-0548-48B1-A6EE-88BD00B4A5E7}"
        }
    },
    "Get_Alert_Data": {
        "data": [
            {
                "attributes": {
                    "attributes": {
                        "agent": {
                            "id": "003",
                            "ip": "10.0.3.4",
                            "name": "ws01"
                        },
                        "data": {
                            "win": {
                                "eventdata": {
                                    "details": "C:\\\\AtomicRedTeam\\\\atomics\\\\..\\\\ExternalPayloads\\\\T1546.015_calc.dll",
                                    "eventType": "SetValue",
                                    "image": "C:\\\\Windows\\\\system32\\\\WindowsPowerShell\\\\v1.0\\\\powershell.exe",
                                    "processGuid": "{826a7360-b555-69eb-e801-000000006200}",
                                    "processId": "2264",
                                    "targetObject": "HKU\\\\S-1-5-21-2919669256-1865303586-1805099321-500_Classes\\\\CLSID\\\\{B5F8350B-0548-48B1-A6EE-88BD00B4A5E7}\\\\InprocServer32\\\\(Default)",
                                    "user": "ws01\\\\ws_administrator",
                                    "utcTime": "2026-04-24 18:24:21.824"
                                },
                                "system": {
                                    "channel": "Microsoft-Windows-Sysmon/Operational",
                                    "computer": "ws01.corp.soarlab.test",
                                    "eventID": "13",
                                    "eventRecordID": "491266",
                                    "keywords": "0x8000000000000000",
                                    "level": "4",
                                    "message": "\"Registry value set:\r\nRuleName: -\r\nEventType: SetValue\r\nUtcTime: 2026-04-24 18:24:21.824\r\nProcessGuid: {826a7360-b555-69eb-e801-000000006200}\r\nProcessId: 2264\r\nImage: C:\\Windows\\system32\\WindowsPowerShell\\v1.0\\powershell.exe\r\nTargetObject: HKU\\S-1-5-21-2919669256-1865303586-1805099321-500_Classes\\CLSID\\{B5F8350B-0548-48B1-A6EE-88BD00B4A5E7}\\InprocServer32\\(Default)\r\nDetails: C:\\AtomicRedTeam\\atomics\\..\\ExternalPayloads\\T1546.015_calc.dll\r\nUser: ws01\\ws_administrator\"",
                                    "opcode": "0",
                                    "processID": "4340",
                                    "providerGuid": "{5770385f-c22a-43e0-bf4c-06f5698ffbd9}",
                                    "providerName": "Microsoft-Windows-Sysmon",
                                    "severityValue": "INFORMATION",
                                    "systemTime": "2026-04-24T18:24:21.8244591Z",
                                    "task": "13",
                                    "threadID": "4676",
                                    "version": "2"
                                }
                            }
                        },
                        "decoder": {
                            "name": "windows_eventchannel"
                        },
                        "full_alert": {
                            "agent": {
                                "id": "003",
                                "ip": "10.0.3.4",
                                "name": "ws01"
                            },
                            "data": {
                                "win": {
                                    "eventdata": {
                                        "details": "C:\\\\AtomicRedTeam\\\\atomics\\\\..\\\\ExternalPayloads\\\\T1546.015_calc.dll",
                                        "eventType": "SetValue",
                                        "image": "C:\\\\Windows\\\\system32\\\\WindowsPowerShell\\\\v1.0\\\\powershell.exe",
                                        "processGuid": "{826a7360-b555-69eb-e801-000000006200}",
                                        "processId": "2264",
                                        "targetObject": "HKU\\\\S-1-5-21-2919669256-1865303586-1805099321-500_Classes\\\\CLSID\\\\{B5F8350B-0548-48B1-A6EE-88BD00B4A5E7}\\\\InprocServer32\\\\(Default)",
                                        "user": "ws01\\\\ws_administrator",
                                        "utcTime": "2026-04-24 18:24:21.824"
                                    },
                                    "system": {
                                        "channel": "Microsoft-Windows-Sysmon/Operational",
                                        "computer": "ws01.corp.soarlab.test",
                                        "eventID": "13",
                                        "eventRecordID": "491266",
                                        "keywords": "0x8000000000000000",
                                        "level": "4",
                                        "message": "\"Registry value set:\r\nRuleName: -\r\nEventType: SetValue\r\nUtcTime: 2026-04-24 18:24:21.824\r\nProcessGuid: {826a7360-b555-69eb-e801-000000006200}\r\nProcessId: 2264\r\nImage: C:\\Windows\\system32\\WindowsPowerShell\\v1.0\\powershell.exe\r\nTargetObject: HKU\\S-1-5-21-2919669256-1865303586-1805099321-500_Classes\\CLSID\\{B5F8350B-0548-48B1-A6EE-88BD00B4A5E7}\\InprocServer32\\(Default)\r\nDetails: C:\\AtomicRedTeam\\atomics\\..\\ExternalPayloads\\T1546.015_calc.dll\r\nUser: ws01\\ws_administrator\"",
                                        "opcode": "0",
                                        "processID": "4340",
                                        "providerGuid": "{5770385f-c22a-43e0-bf4c-06f5698ffbd9}",
                                        "providerName": "Microsoft-Windows-Sysmon",
                                        "severityValue": "INFORMATION",
                                        "systemTime": "2026-04-24T18:24:21.8244591Z",
                                        "task": "13",
                                        "threadID": "4676",
                                        "version": "2"
                                    }
                                }
                            },
                            "decoder": {
                                "name": "windows_eventchannel"
                            },
                            "id": "1777055062.5021476",
                            "location": "EventChannel",
                            "manager": {
                                "name": "wazuh01"
                            },
                            "rule": {
                                "description": "Atomic Red Team T1546.015 #1: COM Hijacking - InprocServer32 registry modification (Sysmon Event 13)",
                                "firedtimes": 1,
                                "groups": [
                                    "atomic_red_team"
                                ],
                                "id": "100007",
                                "level": 16,
                                "mail": true,
                                "mitre": {
                                    "id": [
                                        "T1546.015"
                                    ],
                                    "tactic": [
                                        "Privilege Escalation",
                                        "Persistence"
                                    ],
                                    "technique": [
                                        "Component Object Model Hijacking"
                                    ]
                                }
                            },
                            "timestamp": "2026-04-24T18:24:22.638+0000"
                        },
                        "hostname": "ws01",
                        "location": "EventChannel",
                        "manager": {
                            "name": "wazuh01"
                        },
                        "rule": {
                            "description": "Atomic Red Team T1546.015 #1: COM Hijacking - InprocServer32 registry modification (Sysmon Event 13)",
                            "firedtimes": 1,
                            "groups": [
                                "atomic_red_team"
                            ],
                            "id": "100007",
                            "level": 16,
                            "mail": true,
                            "mitre": {
                                "id": [
                                    "T1546.015"
                                ],
                                "tactic": [
                                    "Privilege Escalation",
                                    "Persistence"
                                ],
                                "technique": [
                                    "Component Object Model Hijacking"
                                ]
                            }
                        },
                        "service": "other",
                        "timestamp": "2026-04-24T18:24:22.638+0000",
                        "wazuh_group": "atomic_red_team",
                        "wazuh_rule_description": "Atomic Red Team T1546.015 #1: COM Hijacking - InprocServer32 registry modification (Sysmon Event 13)",
                        "wazuh_rule_id": "100007",
                        "wazuh_rule_level": 16
                    },
                    "host": "ws01",
                    "message": "Wazuh alert 100007: Atomic Red Team T1546.015 #1: COM Hijacking - InprocServer32 registry modification (Sysmon Event 13)",
                    "service": "other",
                    "status": "info",
                    "tags": [
                        "datadog.submission_auth:api_key",
                        "env:prod",
                        "group:atomic_red_team",
                        "platform:wazuh",
                        "source:wazuh"
                    ],
                    "timestamp": "2026-04-24T18:24:22.638Z"
                },
                "id": "AwAAAZ3AvFpuSHY_CgAAABhBWjNBdkZ4ZkFBQ1VmRFpJbDFuM1pBQUEAAAAkZjE5ZGMwYmMtNWE2ZS00ZDMwLTk1NTgtOTcwOGZjNzdmODg3AAAAAA",
                "type": "log"
            }
        ],
        "meta": {
            "elapsed": 364,
            "request_id": "pddv1ChZPc1Itemk4MVM5ZXZCVzFRTC1VYjNRIisKGwK3Iuar5iSk3h4wy8gVIUYENkovJQc3pKfEXRIMXzeeTRX-30BOmmiq",
            "status": "done"
        }
    },
    "Get_Wazuh_Auth_Token": {
        "body": "eyJhbGciOiJFUzUxMiIsInR5cCI6IkpXVCJ9.eyJpc3MiOiJ3YXp1aCIsImF1ZCI6IldhenVoIEFQSSBSRVNUIiwibmJmIjoxNzc3MDU1MTM0LCJleHAiOjE3NzcwNTYwMzQsInN1YiI6IndhenVoIiwicnVuX2FzIjpmYWxzZSwicmJhY19yb2xlcyI6WzFdLCJyYmFjX21vZGUiOiJ3aGl0ZSJ9.APCCYMrXDVJenDjyqtRUXjS7uylmtKOuAredjNGzv8Gu9p8PXrWrfCbv0Cj7zRt2aBx1p5FLyGdSADVTM-MsnrdtAIpgpOQdNKLdVo6paGgtU1oFTqxMf1U-ijO68iTScIhKsuD5nmYYnpuFb0Z5vNQu4s1ydyW_bnS4IkWhOeAeYsGA",
        "headers": {
            "cache-control": "no-store",
            "connection": "close",
            "content-length": "398",
            "content-security-policy": "none",
            "content-type": "text/plain",
            "date": "Fri, 24 Apr 2026 18:25:34 GMT",
            "deprecated": "true",
            "link": "<https://documentation.wazuh.com/4.14.4/user-manual/api/reference.html#operation/api.controllers.security_controller.login_user>; rel=\"Deprecated\"",
            "referrer-policy": "no-referrer, strict-origin-when-cross-origin",
            "server": "Wazuh",
            "strict-transport-security": "max-age=63072000; includeSubdomains",
            "x-content-type-options": "nosniff",
            "x-frame-options": "deny",
            "x-xss-protection": "0"
        },
        "status": 200
    },
    "Invoke_File_Eviction_for_Registry_Path": {
        "body": {
            "data": {
                "affected_items": [
                    "003"
                ],
                "failed_items": [],
                "total_affected_items": 1,
                "total_failed_items": 0
            },
            "error": 0,
            "message": "AR command was sent to all agents"
        },
        "headers": {
            "cache-control": "no-store",
            "connection": "close",
            "content-length": "169",
            "content-security-policy": "none",
            "content-type": "application/json",
            "date": "Fri, 24 Apr 2026 18:25:35 GMT",
            "referrer-policy": "no-referrer, strict-origin-when-cross-origin",
            "server": "Wazuh",
            "strict-transport-security": "max-age=63072000; includeSubdomains",
            "x-content-type-options": "nosniff",
            "x-frame-options": "deny",
            "x-xss-protection": "0"
        },
        "status": 200
    },
    "SOP1": {},
    "SOP2": {},
    "SOP3": {},
    "SOP4": {},
    "SOP5": {},
    "SOP6": {},
    "SOP7": {},
    "SOP7_SOAR_Processing_Time": {
        "data": 2772
    },
    "SOP7_Time_to_Control": {
        "data": 75181
    },
    "SOP8": {},
    "SOP9": {},
    "Time_to_Detect": {
        "data": 814
    },
    "Time_to_Respond": {
        "data": 72409
    }
},
  "run2":{
    "Extract_Registry_Path": {
        "data": {
            "targetPath": "HKU\\S-1-5-21-2919669256-1865303586-1805099321-500_Classes\\CLSID\\{B5F8350B-0548-48B1-A6EE-88BD00B4A5E7}"
        }
    },
    "Get_Alert_Data": {
        "data": [
            {
                "attributes": {
                    "attributes": {
                        "agent": {
                            "id": "003",
                            "ip": "10.0.3.4",
                            "name": "ws01"
                        },
                        "data": {
                            "win": {
                                "eventdata": {
                                    "details": "C:\\\\AtomicRedTeam\\\\atomics\\\\..\\\\ExternalPayloads\\\\T1546.015_calc.dll",
                                    "eventType": "SetValue",
                                    "image": "C:\\\\Windows\\\\system32\\\\WindowsPowerShell\\\\v1.0\\\\powershell.exe",
                                    "processGuid": "{826a7360-b630-69eb-f401-000000006200}",
                                    "processId": "7324",
                                    "targetObject": "HKU\\\\S-1-5-21-2919669256-1865303586-1805099321-500_Classes\\\\CLSID\\\\{B5F8350B-0548-48B1-A6EE-88BD00B4A5E7}\\\\InprocServer32\\\\(Default)",
                                    "user": "ws01\\\\ws_administrator",
                                    "utcTime": "2026-04-24 18:28:00.474"
                                },
                                "system": {
                                    "channel": "Microsoft-Windows-Sysmon/Operational",
                                    "computer": "ws01.corp.soarlab.test",
                                    "eventID": "13",
                                    "eventRecordID": "491307",
                                    "keywords": "0x8000000000000000",
                                    "level": "4",
                                    "message": "\"Registry value set:\r\nRuleName: -\r\nEventType: SetValue\r\nUtcTime: 2026-04-24 18:28:00.474\r\nProcessGuid: {826a7360-b630-69eb-f401-000000006200}\r\nProcessId: 7324\r\nImage: C:\\Windows\\system32\\WindowsPowerShell\\v1.0\\powershell.exe\r\nTargetObject: HKU\\S-1-5-21-2919669256-1865303586-1805099321-500_Classes\\CLSID\\{B5F8350B-0548-48B1-A6EE-88BD00B4A5E7}\\InprocServer32\\(Default)\r\nDetails: C:\\AtomicRedTeam\\atomics\\..\\ExternalPayloads\\T1546.015_calc.dll\r\nUser: ws01\\ws_administrator\"",
                                    "opcode": "0",
                                    "processID": "4340",
                                    "providerGuid": "{5770385f-c22a-43e0-bf4c-06f5698ffbd9}",
                                    "providerName": "Microsoft-Windows-Sysmon",
                                    "severityValue": "INFORMATION",
                                    "systemTime": "2026-04-24T18:28:00.4762064Z",
                                    "task": "13",
                                    "threadID": "4676",
                                    "version": "2"
                                }
                            }
                        },
                        "decoder": {
                            "name": "windows_eventchannel"
                        },
                        "full_alert": {
                            "agent": {
                                "id": "003",
                                "ip": "10.0.3.4",
                                "name": "ws01"
                            },
                            "data": {
                                "win": {
                                    "eventdata": {
                                        "details": "C:\\\\AtomicRedTeam\\\\atomics\\\\..\\\\ExternalPayloads\\\\T1546.015_calc.dll",
                                        "eventType": "SetValue",
                                        "image": "C:\\\\Windows\\\\system32\\\\WindowsPowerShell\\\\v1.0\\\\powershell.exe",
                                        "processGuid": "{826a7360-b630-69eb-f401-000000006200}",
                                        "processId": "7324",
                                        "targetObject": "HKU\\\\S-1-5-21-2919669256-1865303586-1805099321-500_Classes\\\\CLSID\\\\{B5F8350B-0548-48B1-A6EE-88BD00B4A5E7}\\\\InprocServer32\\\\(Default)",
                                        "user": "ws01\\\\ws_administrator",
                                        "utcTime": "2026-04-24 18:28:00.474"
                                    },
                                    "system": {
                                        "channel": "Microsoft-Windows-Sysmon/Operational",
                                        "computer": "ws01.corp.soarlab.test",
                                        "eventID": "13",
                                        "eventRecordID": "491307",
                                        "keywords": "0x8000000000000000",
                                        "level": "4",
                                        "message": "\"Registry value set:\r\nRuleName: -\r\nEventType: SetValue\r\nUtcTime: 2026-04-24 18:28:00.474\r\nProcessGuid: {826a7360-b630-69eb-f401-000000006200}\r\nProcessId: 7324\r\nImage: C:\\Windows\\system32\\WindowsPowerShell\\v1.0\\powershell.exe\r\nTargetObject: HKU\\S-1-5-21-2919669256-1865303586-1805099321-500_Classes\\CLSID\\{B5F8350B-0548-48B1-A6EE-88BD00B4A5E7}\\InprocServer32\\(Default)\r\nDetails: C:\\AtomicRedTeam\\atomics\\..\\ExternalPayloads\\T1546.015_calc.dll\r\nUser: ws01\\ws_administrator\"",
                                        "opcode": "0",
                                        "processID": "4340",
                                        "providerGuid": "{5770385f-c22a-43e0-bf4c-06f5698ffbd9}",
                                        "providerName": "Microsoft-Windows-Sysmon",
                                        "severityValue": "INFORMATION",
                                        "systemTime": "2026-04-24T18:28:00.4762064Z",
                                        "task": "13",
                                        "threadID": "4676",
                                        "version": "2"
                                    }
                                }
                            },
                            "decoder": {
                                "name": "windows_eventchannel"
                            },
                            "id": "1777055280.5207456",
                            "location": "EventChannel",
                            "manager": {
                                "name": "wazuh01"
                            },
                            "rule": {
                                "description": "Atomic Red Team T1546.015 #1: COM Hijacking - InprocServer32 registry modification (Sysmon Event 13)",
                                "firedtimes": 2,
                                "groups": [
                                    "atomic_red_team"
                                ],
                                "id": "100007",
                                "level": 16,
                                "mail": true,
                                "mitre": {
                                    "id": [
                                        "T1546.015"
                                    ],
                                    "tactic": [
                                        "Privilege Escalation",
                                        "Persistence"
                                    ],
                                    "technique": [
                                        "Component Object Model Hijacking"
                                    ]
                                }
                            },
                            "timestamp": "2026-04-24T18:28:00.729+0000"
                        },
                        "hostname": "ws01",
                        "location": "EventChannel",
                        "manager": {
                            "name": "wazuh01"
                        },
                        "rule": {
                            "description": "Atomic Red Team T1546.015 #1: COM Hijacking - InprocServer32 registry modification (Sysmon Event 13)",
                            "firedtimes": 2,
                            "groups": [
                                "atomic_red_team"
                            ],
                            "id": "100007",
                            "level": 16,
                            "mail": true,
                            "mitre": {
                                "id": [
                                    "T1546.015"
                                ],
                                "tactic": [
                                    "Privilege Escalation",
                                    "Persistence"
                                ],
                                "technique": [
                                    "Component Object Model Hijacking"
                                ]
                            }
                        },
                        "service": "other",
                        "timestamp": "2026-04-24T18:28:00.729+0000",
                        "wazuh_group": "atomic_red_team",
                        "wazuh_rule_description": "Atomic Red Team T1546.015 #1: COM Hijacking - InprocServer32 registry modification (Sysmon Event 13)",
                        "wazuh_rule_id": "100007",
                        "wazuh_rule_level": 16
                    },
                    "host": "ws01",
                    "message": "Wazuh alert 100007: Atomic Red Team T1546.015 #1: COM Hijacking - InprocServer32 registry modification (Sysmon Event 13)",
                    "service": "other",
                    "status": "info",
                    "tags": [
                        "datadog.submission_auth:api_key",
                        "env:prod",
                        "group:atomic_red_team",
                        "platform:wazuh",
                        "source:wazuh"
                    ],
                    "timestamp": "2026-04-24T18:28:00.729Z"
                },
                "id": "AwAAAZ3Av65ZTT-VWQAAABhBWjNBdjdDb0FBQjJ5WEp0WmVNZ2t3QUEAAAAkZjE5ZGMwYmYtYWU1OS00NWE3LTlkOTctOTZkZDNlYWYwODUyAAAAAA",
                "type": "log"
            }
        ],
        "meta": {
            "elapsed": 72,
            "request_id": "pddv1ChZtODBLV3QwNFRzR1NOSXdTX2lXNGZBIisKG3fRkb6-Uu7B2T8BNQWRWFjTd1gOwPhSOuKHxxIM-r51e37OkY0FR9bm",
            "status": "done"
        }
    },
    "Get_Wazuh_Auth_Token": {
        "body": "eyJhbGciOiJFUzUxMiIsInR5cCI6IkpXVCJ9.eyJpc3MiOiJ3YXp1aCIsImF1ZCI6IldhenVoIEFQSSBSRVNUIiwibmJmIjoxNzc3MDU1MzczLCJleHAiOjE3NzcwNTYyNzMsInN1YiI6IndhenVoIiwicnVuX2FzIjpmYWxzZSwicmJhY19yb2xlcyI6WzFdLCJyYmFjX21vZGUiOiJ3aGl0ZSJ9.AB7BVfJeWj8SBKhPkZKOJB5stC1eOAwG-QyT7AZAqon-myaIrk0UPGo6E_KoAHLLPI4_swIbsvqewTQMV5YRtgowAAvc2tfCqSVJFSB63o5JgxYHEy4BFYzZBHhnEIxufkO_OD7jFVJ_26EWMYVb-mIiyyNh3dHshGP4WhrAOUzcbCHw",
        "headers": {
            "cache-control": "no-store",
            "connection": "close",
            "content-length": "398",
            "content-security-policy": "none",
            "content-type": "text/plain",
            "date": "Fri, 24 Apr 2026 18:29:32 GMT",
            "deprecated": "true",
            "link": "<https://documentation.wazuh.com/4.14.4/user-manual/api/reference.html#operation/api.controllers.security_controller.login_user>; rel=\"Deprecated\"",
            "referrer-policy": "no-referrer, strict-origin-when-cross-origin",
            "server": "Wazuh",
            "strict-transport-security": "max-age=63072000; includeSubdomains",
            "x-content-type-options": "nosniff",
            "x-frame-options": "deny",
            "x-xss-protection": "0"
        },
        "status": 200
    },
    "Invoke_File_Eviction_for_Registry_Path": {
        "body": {
            "data": {
                "affected_items": [
                    "003"
                ],
                "failed_items": [],
                "total_affected_items": 1,
                "total_failed_items": 0
            },
            "error": 0,
            "message": "AR command was sent to all agents"
        },
        "headers": {
            "cache-control": "no-store",
            "connection": "close",
            "content-length": "169",
            "content-security-policy": "none",
            "content-type": "application/json",
            "date": "Fri, 24 Apr 2026 18:29:33 GMT",
            "referrer-policy": "no-referrer, strict-origin-when-cross-origin",
            "server": "Wazuh",
            "strict-transport-security": "max-age=63072000; includeSubdomains",
            "x-content-type-options": "nosniff",
            "x-frame-options": "deny",
            "x-xss-protection": "0"
        },
        "status": 200
    },
    "SOP1": {},
    "SOP2": {},
    "SOP3": {},
    "SOP4": {},
    "SOP5": {},
    "SOP6": {},
    "SOP7": {},
    "SOP7_SOAR_Processing_Time": {
        "data": 2595
    },
    "SOP7_Time_to_Control": {
        "data": 94738
    },
    "SOP8": {},
    "SOP9": {},
    "Time_to_Detect": {
        "data": 253
    },
    "Time_to_Respond": {
        "data": 92143
    }
},
  "run3":{
    "Extract_Registry_Path": {
        "data": {
            "targetPath": "HKU\\S-1-5-21-2919669256-1865303586-1805099321-500_Classes\\CLSID\\{B5F8350B-0548-48B1-A6EE-88BD00B4A5E7}"
        }
    },
    "Get_Alert_Data": {
        "data": [
            {
                "attributes": {
                    "attributes": {
                        "agent": {
                            "id": "003",
                            "ip": "10.0.3.4",
                            "name": "ws01"
                        },
                        "data": {
                            "win": {
                                "eventdata": {
                                    "details": "C:\\\\AtomicRedTeam\\\\atomics\\\\..\\\\ExternalPayloads\\\\T1546.015_calc.dll",
                                    "eventType": "SetValue",
                                    "image": "C:\\\\Windows\\\\system32\\\\WindowsPowerShell\\\\v1.0\\\\powershell.exe",
                                    "processGuid": "{826a7360-b6d1-69eb-0002-000000006200}",
                                    "processId": "5644",
                                    "targetObject": "HKU\\\\S-1-5-21-2919669256-1865303586-1805099321-500_Classes\\\\CLSID\\\\{B5F8350B-0548-48B1-A6EE-88BD00B4A5E7}\\\\InprocServer32\\\\(Default)",
                                    "user": "ws01\\\\ws_administrator",
                                    "utcTime": "2026-04-24 18:30:41.951"
                                },
                                "system": {
                                    "channel": "Microsoft-Windows-Sysmon/Operational",
                                    "computer": "ws01.corp.soarlab.test",
                                    "eventID": "13",
                                    "eventRecordID": "491335",
                                    "keywords": "0x8000000000000000",
                                    "level": "4",
                                    "message": "\"Registry value set:\r\nRuleName: -\r\nEventType: SetValue\r\nUtcTime: 2026-04-24 18:30:41.951\r\nProcessGuid: {826a7360-b6d1-69eb-0002-000000006200}\r\nProcessId: 5644\r\nImage: C:\\Windows\\system32\\WindowsPowerShell\\v1.0\\powershell.exe\r\nTargetObject: HKU\\S-1-5-21-2919669256-1865303586-1805099321-500_Classes\\CLSID\\{B5F8350B-0548-48B1-A6EE-88BD00B4A5E7}\\InprocServer32\\(Default)\r\nDetails: C:\\AtomicRedTeam\\atomics\\..\\ExternalPayloads\\T1546.015_calc.dll\r\nUser: ws01\\ws_administrator\"",
                                    "opcode": "0",
                                    "processID": "4340",
                                    "providerGuid": "{5770385f-c22a-43e0-bf4c-06f5698ffbd9}",
                                    "providerName": "Microsoft-Windows-Sysmon",
                                    "severityValue": "INFORMATION",
                                    "systemTime": "2026-04-24T18:30:41.9524859Z",
                                    "task": "13",
                                    "threadID": "4676",
                                    "version": "2"
                                }
                            }
                        },
                        "decoder": {
                            "name": "windows_eventchannel"
                        },
                        "full_alert": {
                            "agent": {
                                "id": "003",
                                "ip": "10.0.3.4",
                                "name": "ws01"
                            },
                            "data": {
                                "win": {
                                    "eventdata": {
                                        "details": "C:\\\\AtomicRedTeam\\\\atomics\\\\..\\\\ExternalPayloads\\\\T1546.015_calc.dll",
                                        "eventType": "SetValue",
                                        "image": "C:\\\\Windows\\\\system32\\\\WindowsPowerShell\\\\v1.0\\\\powershell.exe",
                                        "processGuid": "{826a7360-b6d1-69eb-0002-000000006200}",
                                        "processId": "5644",
                                        "targetObject": "HKU\\\\S-1-5-21-2919669256-1865303586-1805099321-500_Classes\\\\CLSID\\\\{B5F8350B-0548-48B1-A6EE-88BD00B4A5E7}\\\\InprocServer32\\\\(Default)",
                                        "user": "ws01\\\\ws_administrator",
                                        "utcTime": "2026-04-24 18:30:41.951"
                                    },
                                    "system": {
                                        "channel": "Microsoft-Windows-Sysmon/Operational",
                                        "computer": "ws01.corp.soarlab.test",
                                        "eventID": "13",
                                        "eventRecordID": "491335",
                                        "keywords": "0x8000000000000000",
                                        "level": "4",
                                        "message": "\"Registry value set:\r\nRuleName: -\r\nEventType: SetValue\r\nUtcTime: 2026-04-24 18:30:41.951\r\nProcessGuid: {826a7360-b6d1-69eb-0002-000000006200}\r\nProcessId: 5644\r\nImage: C:\\Windows\\system32\\WindowsPowerShell\\v1.0\\powershell.exe\r\nTargetObject: HKU\\S-1-5-21-2919669256-1865303586-1805099321-500_Classes\\CLSID\\{B5F8350B-0548-48B1-A6EE-88BD00B4A5E7}\\InprocServer32\\(Default)\r\nDetails: C:\\AtomicRedTeam\\atomics\\..\\ExternalPayloads\\T1546.015_calc.dll\r\nUser: ws01\\ws_administrator\"",
                                        "opcode": "0",
                                        "processID": "4340",
                                        "providerGuid": "{5770385f-c22a-43e0-bf4c-06f5698ffbd9}",
                                        "providerName": "Microsoft-Windows-Sysmon",
                                        "severityValue": "INFORMATION",
                                        "systemTime": "2026-04-24T18:30:41.9524859Z",
                                        "task": "13",
                                        "threadID": "4676",
                                        "version": "2"
                                    }
                                }
                            },
                            "decoder": {
                                "name": "windows_eventchannel"
                            },
                            "id": "1777055442.5383351",
                            "location": "EventChannel",
                            "manager": {
                                "name": "wazuh01"
                            },
                            "rule": {
                                "description": "Atomic Red Team T1546.015 #1: COM Hijacking - InprocServer32 registry modification (Sysmon Event 13)",
                                "firedtimes": 3,
                                "groups": [
                                    "atomic_red_team"
                                ],
                                "id": "100007",
                                "level": 16,
                                "mail": true,
                                "mitre": {
                                    "id": [
                                        "T1546.015"
                                    ],
                                    "tactic": [
                                        "Privilege Escalation",
                                        "Persistence"
                                    ],
                                    "technique": [
                                        "Component Object Model Hijacking"
                                    ]
                                }
                            },
                            "timestamp": "2026-04-24T18:30:42.155+0000"
                        },
                        "hostname": "ws01",
                        "location": "EventChannel",
                        "manager": {
                            "name": "wazuh01"
                        },
                        "rule": {
                            "description": "Atomic Red Team T1546.015 #1: COM Hijacking - InprocServer32 registry modification (Sysmon Event 13)",
                            "firedtimes": 3,
                            "groups": [
                                "atomic_red_team"
                            ],
                            "id": "100007",
                            "level": 16,
                            "mail": true,
                            "mitre": {
                                "id": [
                                    "T1546.015"
                                ],
                                "tactic": [
                                    "Privilege Escalation",
                                    "Persistence"
                                ],
                                "technique": [
                                    "Component Object Model Hijacking"
                                ]
                            }
                        },
                        "service": "other",
                        "timestamp": "2026-04-24T18:30:42.155+0000",
                        "wazuh_group": "atomic_red_team",
                        "wazuh_rule_description": "Atomic Red Team T1546.015 #1: COM Hijacking - InprocServer32 registry modification (Sysmon Event 13)",
                        "wazuh_rule_id": "100007",
                        "wazuh_rule_level": 16
                    },
                    "host": "ws01",
                    "message": "Wazuh alert 100007: Atomic Red Team T1546.015 #1: COM Hijacking - InprocServer32 registry modification (Sysmon Event 13)",
                    "service": "other",
                    "status": "info",
                    "tags": [
                        "datadog.submission_auth:api_key",
                        "env:prod",
                        "group:atomic_red_team",
                        "platform:wazuh",
                        "source:wazuh"
                    ],
                    "timestamp": "2026-04-24T18:30:42.155Z"
                },
                "id": "AwAAAZ3AwiTrAKAK0AAAABhBWjNBd2lvaEFBQVFGdHJnaDAtMlB3QUEAAAAkZjE5ZGMwYzItMjRlYi00MzdkLWE0ZTAtNDM5NjYxMDgyMmNlAAAAAA",
                "type": "log"
            }
        ],
        "meta": {
            "elapsed": 55,
            "request_id": "pddv1ChZJM3BLZVhzWVFPT3Y1T0lJUlZpWG1nIisKG1gbU-2eOE1lhmethswq8c2EdL2jHfvO_n2-0hIM26YsU0hgSLPq-NGD",
            "status": "done"
        }
    },
    "Get_Wazuh_Auth_Token": {
        "body": "eyJhbGciOiJFUzUxMiIsInR5cCI6IkpXVCJ9.eyJpc3MiOiJ3YXp1aCIsImF1ZCI6IldhenVoIEFQSSBSRVNUIiwibmJmIjoxNzc3MDU1NTUyLCJleHAiOjE3NzcwNTY0NTIsInN1YiI6IndhenVoIiwicnVuX2FzIjpmYWxzZSwicmJhY19yb2xlcyI6WzFdLCJyYmFjX21vZGUiOiJ3aGl0ZSJ9.AL7G5c6dZBDKOhvJeWYNzcQB7pAzJeI_TyGCcsFnQsTMW46lJXs5czdJ2a31zFRvsHz72VoW7aHbIPOmSEEX_RCDAOnh1CtokNvwzbp9eYCqQdmH7-3mqgOPFXrhP8fLcBqedi3R0CdMYujOl7tbHFcZ-zCT4GWbbqrvax1Pl9xnBj3b",
        "headers": {
            "cache-control": "no-store",
            "connection": "close",
            "content-length": "398",
            "content-security-policy": "none",
            "content-type": "text/plain",
            "date": "Fri, 24 Apr 2026 18:32:32 GMT",
            "deprecated": "true",
            "link": "<https://documentation.wazuh.com/4.14.4/user-manual/api/reference.html#operation/api.controllers.security_controller.login_user>; rel=\"Deprecated\"",
            "referrer-policy": "no-referrer, strict-origin-when-cross-origin",
            "server": "Wazuh",
            "strict-transport-security": "max-age=63072000; includeSubdomains",
            "x-content-type-options": "nosniff",
            "x-frame-options": "deny",
            "x-xss-protection": "0"
        },
        "status": 200
    },
    "Invoke_File_Eviction_for_Registry_Path": {
        "body": {
            "data": {
                "affected_items": [
                    "003"
                ],
                "failed_items": [],
                "total_affected_items": 1,
                "total_failed_items": 0
            },
            "error": 0,
            "message": "AR command was sent to all agents"
        },
        "headers": {
            "cache-control": "no-store",
            "connection": "close",
            "content-length": "169",
            "content-security-policy": "none",
            "content-type": "application/json",
            "date": "Fri, 24 Apr 2026 18:32:33 GMT",
            "referrer-policy": "no-referrer, strict-origin-when-cross-origin",
            "server": "Wazuh",
            "strict-transport-security": "max-age=63072000; includeSubdomains",
            "x-content-type-options": "nosniff",
            "x-frame-options": "deny",
            "x-xss-protection": "0"
        },
        "status": 200
    },
    "SOP1": {},
    "SOP2": {},
    "SOP3": {},
    "SOP4": {},
    "SOP5": {},
    "SOP6": {},
    "SOP7": {},
    "SOP7_SOAR_Processing_Time": {
        "data": 2665
    },
    "SOP7_Time_to_Control": {
        "data": 112935
    },
    "SOP8": {},
    "SOP9": {},
    "Time_to_Respond": {
        "data": 110270
    }
},
  "run4":{
    "Extract_Registry_Path": {
        "data": {
            "targetPath": "HKU\\S-1-5-21-2919669256-1865303586-1805099321-500_Classes\\CLSID\\{B5F8350B-0548-48B1-A6EE-88BD00B4A5E7}"
        }
    },
    "Get_Alert_Data": {
        "data": [
            {
                "attributes": {
                    "attributes": {
                        "agent": {
                            "id": "003",
                            "ip": "10.0.3.4",
                            "name": "ws01"
                        },
                        "data": {
                            "win": {
                                "eventdata": {
                                    "details": "C:\\\\AtomicRedTeam\\\\atomics\\\\..\\\\ExternalPayloads\\\\T1546.015_calc.dll",
                                    "eventType": "SetValue",
                                    "image": "C:\\\\Windows\\\\system32\\\\WindowsPowerShell\\\\v1.0\\\\powershell.exe",
                                    "processGuid": "{826a7360-b76d-69eb-1002-000000006200}",
                                    "processId": "10028",
                                    "targetObject": "HKU\\\\S-1-5-21-2919669256-1865303586-1805099321-500_Classes\\\\CLSID\\\\{B5F8350B-0548-48B1-A6EE-88BD00B4A5E7}\\\\InprocServer32\\\\(Default)",
                                    "user": "ws01\\\\ws_administrator",
                                    "utcTime": "2026-04-24 18:33:18.101"
                                },
                                "system": {
                                    "channel": "Microsoft-Windows-Sysmon/Operational",
                                    "computer": "ws01.corp.soarlab.test",
                                    "eventID": "13",
                                    "eventRecordID": "491371",
                                    "keywords": "0x8000000000000000",
                                    "level": "4",
                                    "message": "\"Registry value set:\r\nRuleName: -\r\nEventType: SetValue\r\nUtcTime: 2026-04-24 18:33:18.101\r\nProcessGuid: {826a7360-b76d-69eb-1002-000000006200}\r\nProcessId: 10028\r\nImage: C:\\Windows\\system32\\WindowsPowerShell\\v1.0\\powershell.exe\r\nTargetObject: HKU\\S-1-5-21-2919669256-1865303586-1805099321-500_Classes\\CLSID\\{B5F8350B-0548-48B1-A6EE-88BD00B4A5E7}\\InprocServer32\\(Default)\r\nDetails: C:\\AtomicRedTeam\\atomics\\..\\ExternalPayloads\\T1546.015_calc.dll\r\nUser: ws01\\ws_administrator\"",
                                    "opcode": "0",
                                    "processID": "4340",
                                    "providerGuid": "{5770385f-c22a-43e0-bf4c-06f5698ffbd9}",
                                    "providerName": "Microsoft-Windows-Sysmon",
                                    "severityValue": "INFORMATION",
                                    "systemTime": "2026-04-24T18:33:18.1024561Z",
                                    "task": "13",
                                    "threadID": "4676",
                                    "version": "2"
                                }
                            }
                        },
                        "decoder": {
                            "name": "windows_eventchannel"
                        },
                        "full_alert": {
                            "agent": {
                                "id": "003",
                                "ip": "10.0.3.4",
                                "name": "ws01"
                            },
                            "data": {
                                "win": {
                                    "eventdata": {
                                        "details": "C:\\\\AtomicRedTeam\\\\atomics\\\\..\\\\ExternalPayloads\\\\T1546.015_calc.dll",
                                        "eventType": "SetValue",
                                        "image": "C:\\\\Windows\\\\system32\\\\WindowsPowerShell\\\\v1.0\\\\powershell.exe",
                                        "processGuid": "{826a7360-b76d-69eb-1002-000000006200}",
                                        "processId": "10028",
                                        "targetObject": "HKU\\\\S-1-5-21-2919669256-1865303586-1805099321-500_Classes\\\\CLSID\\\\{B5F8350B-0548-48B1-A6EE-88BD00B4A5E7}\\\\InprocServer32\\\\(Default)",
                                        "user": "ws01\\\\ws_administrator",
                                        "utcTime": "2026-04-24 18:33:18.101"
                                    },
                                    "system": {
                                        "channel": "Microsoft-Windows-Sysmon/Operational",
                                        "computer": "ws01.corp.soarlab.test",
                                        "eventID": "13",
