[
  "run1":{
    "Get_Alert_Data": {
        "data": [
            {
                "attributes": {
                    "attributes": {
                        "agent": {
                            "id": "003",
                            "ip": "10.0.3.4",
                            "name": "ws01"
                        },
                        "data": {
                            "win": {
                                "eventdata": {
                                    "creationUtcTime": "2026-04-24 19:09:27.782",
                                    "image": "C:\\\\Windows\\\\system32\\\\WindowsPowerShell\\\\v1.0\\\\powershell.exe",
                                    "processGuid": "{826a7360-bfe7-69eb-c302-000000006200}",
                                    "processId": "5728",
                                    "targetFilename": "C:\\\\ProgramData\\\\Microsoft\\\\Windows\\\\Start Menu\\\\Programs\\\\Startup\\\\vbsstartup.vbs",
                                    "user": "ws01\\\\ws_administrator",
                                    "utcTime": "2026-04-24 19:09:27.782"
                                },
                                "system": {
                                    "channel": "Microsoft-Windows-Sysmon/Operational",
                                    "computer": "ws01.corp.soarlab.test",
                                    "eventID": "11",
                                    "eventRecordID": "491808",
                                    "keywords": "0x8000000000000000",
                                    "level": "4",
                                    "message": "\"File created:\r\nRuleName: -\r\nUtcTime: 2026-04-24 19:09:27.782\r\nProcessGuid: {826a7360-bfe7-69eb-c302-000000006200}\r\nProcessId: 5728\r\nImage: C:\\Windows\\system32\\WindowsPowerShell\\v1.0\\powershell.exe\r\nTargetFilename: C:\\ProgramData\\Microsoft\\Windows\\Start Menu\\Programs\\Startup\\vbsstartup.vbs\r\nCreationUtcTime: 2026-04-24 19:09:27.782\r\nUser: ws01\\ws_administrator\"",
                                    "opcode": "0",
                                    "processID": "4340",
                                    "providerGuid": "{5770385f-c22a-43e0-bf4c-06f5698ffbd9}",
                                    "providerName": "Microsoft-Windows-Sysmon",
                                    "severityValue": "INFORMATION",
                                    "systemTime": "2026-04-24T19:09:27.7849763Z",
                                    "task": "11",
                                    "threadID": "4676",
                                    "version": "2"
                                }
                            }
                        },
                        "decoder": {
                            "name": "windows_eventchannel"
                        },
                        "full_alert": {
                            "agent": {
                                "id": "003",
                                "ip": "10.0.3.4",
                                "name": "ws01"
                            },
                            "data": {
                                "win": {
                                    "eventdata": {
                                        "creationUtcTime": "2026-04-24 19:09:27.782",
                                        "image": "C:\\\\Windows\\\\system32\\\\WindowsPowerShell\\\\v1.0\\\\powershell.exe",
                                        "processGuid": "{826a7360-bfe7-69eb-c302-000000006200}",
                                        "processId": "5728",
                                        "targetFilename": "C:\\\\ProgramData\\\\Microsoft\\\\Windows\\\\Start Menu\\\\Programs\\\\Startup\\\\vbsstartup.vbs",
                                        "user": "ws01\\\\ws_administrator",
                                        "utcTime": "2026-04-24 19:09:27.782"
                                    },
                                    "system": {
                                        "channel": "Microsoft-Windows-Sysmon/Operational",
                                        "computer": "ws01.corp.soarlab.test",
                                        "eventID": "11",
                                        "eventRecordID": "491808",
                                        "keywords": "0x8000000000000000",
                                        "level": "4",
                                        "message": "\"File created:\r\nRuleName: -\r\nUtcTime: 2026-04-24 19:09:27.782\r\nProcessGuid: {826a7360-bfe7-69eb-c302-000000006200}\r\nProcessId: 5728\r\nImage: C:\\Windows\\system32\\WindowsPowerShell\\v1.0\\powershell.exe\r\nTargetFilename: C:\\ProgramData\\Microsoft\\Windows\\Start Menu\\Programs\\Startup\\vbsstartup.vbs\r\nCreationUtcTime: 2026-04-24 19:09:27.782\r\nUser: ws01\\ws_administrator\"",
                                        "opcode": "0",
                                        "processID": "4340",
                                        "providerGuid": "{5770385f-c22a-43e0-bf4c-06f5698ffbd9}",
                                        "providerName": "Microsoft-Windows-Sysmon",
                                        "severityValue": "INFORMATION",
                                        "systemTime": "2026-04-24T19:09:27.7849763Z",
                                        "task": "11",
                                        "threadID": "4676",
                                        "version": "2"
                                    }
                                }
                            },
                            "decoder": {
                                "name": "windows_eventchannel"
                            },
                            "id": "1777057767.8406171",
                            "location": "EventChannel",
                            "manager": {
                                "name": "wazuh01"
                            },
                            "rule": {
                                "description": "Atomic Red Team T1547.001 #4: PowerShell copied file to ProgramData Startup folder",
                                "firedtimes": 1,
                                "groups": [
                                    "atomic_red_team"
                                ],
                                "id": "100008",
                                "level": 16,
                                "mail": true,
                                "mitre": {
                                    "id": [
                                        "T1547.001"
                                    ],
                                    "tactic": [
                                        "Persistence",
                                        "Privilege Escalation"
                                    ],
                                    "technique": [
                                        "Registry Run Keys / Startup Folder"
                                    ]
                                }
                            },
                            "timestamp": "2026-04-24T19:09:27.849+0000"
                        },
                        "hostname": "ws01",
                        "location": "EventChannel",
                        "manager": {
                            "name": "wazuh01"
                        },
                        "rule": {
                            "description": "Atomic Red Team T1547.001 #4: PowerShell copied file to ProgramData Startup folder",
                            "firedtimes": 1,
                            "groups": [
                                "atomic_red_team"
                            ],
                            "id": "100008",
                            "level": 16,
                            "mail": true,
                            "mitre": {
                                "id": [
                                    "T1547.001"
                                ],
                                "tactic": [
                                    "Persistence",
                                    "Privilege Escalation"
                                ],
                                "technique": [
                                    "Registry Run Keys / Startup Folder"
                                ]
                            }
                        },
                        "service": "other",
                        "timestamp": "2026-04-24T19:09:27.849+0000",
                        "wazuh_group": "atomic_red_team",
                        "wazuh_rule_description": "Atomic Red Team T1547.001 #4: PowerShell copied file to ProgramData Startup folder",
                        "wazuh_rule_id": "100008",
                        "wazuh_rule_level": 16
                    },
                    "host": "ws01",
                    "message": "Wazuh alert 100008: Atomic Red Team T1547.001 #4: PowerShell copied file to ProgramData Startup folder",
                    "service": "other",
                    "status": "info",
                    "tags": [
                        "datadog.submission_auth:api_key",
                        "env:prod",
                        "group:atomic_red_team",
                        "platform:wazuh",
                        "source:wazuh"
                    ],
                    "timestamp": "2026-04-24T19:09:27.849Z"
                },
                "id": "AwAAAZ3A5aGpV1iH6AAAABhBWjNBNWFLU0FBQUxzSG1fTUV0aTR3QUEAAAAkZjE5ZGMwZTUtYTFhOS00MTFjLTk2YzItNjI4YjUxMmMzN2RiAAAAAA",
                "type": "log"
            }
        ],
        "meta": {
            "elapsed": 61,
            "request_id": "pddv1ChZFNHVVaWVDMlRNNnRQWXdNbEdLWVV3Ii0KHQiyMtYS30BY8a9YWioMzTFGrGbjWSOhcEQb124bEgxjGlt4eOvGdUmS1Ow",
            "status": "done"
        }
    },
    "Get_Wazuh_Auth_Token": {
        "body": "eyJhbGciOiJFUzUxMiIsInR5cCI6IkpXVCJ9.eyJpc3MiOiJ3YXp1aCIsImF1ZCI6IldhenVoIEFQSSBSRVNUIiwibmJmIjoxNzc3MDU3ODMyLCJleHAiOjE3NzcwNTg3MzIsInN1YiI6IndhenVoIiwicnVuX2FzIjpmYWxzZSwicmJhY19yb2xlcyI6WzFdLCJyYmFjX21vZGUiOiJ3aGl0ZSJ9.Ac4h8fU-vghGgddO_5sqkfqU-cEtAtnpew_pDbnQK2OZMi2gxAxvV8reu72WFQ67a9qeKqp_waSUYDDl-FfME7iWAOVTKA_Hva5aHiS1cXU_2oYK_0fRaewR-X6ofFq2B7kR_l-Gi6TNjCFm0js6b74vxXALJX-gr3gH3Fek803d_tji",
        "headers": {
            "cache-control": "no-store",
            "connection": "close",
            "content-length": "398",
            "content-security-policy": "none",
            "content-type": "text/plain",
            "date": "Fri, 24 Apr 2026 19:10:32 GMT",
            "deprecated": "true",
            "link": "<https://documentation.wazuh.com/4.14.4/user-manual/api/reference.html#operation/api.controllers.security_controller.login_user>; rel=\"Deprecated\"",
            "referrer-policy": "no-referrer, strict-origin-when-cross-origin",
            "server": "Wazuh",
            "strict-transport-security": "max-age=63072000; includeSubdomains",
            "x-content-type-options": "nosniff",
            "x-frame-options": "deny",
            "x-xss-protection": "0"
        },
        "status": 200
    },
    "Invoke_File_Eviction3": {
        "body": {
            "data": {
                "affected_items": [
                    "003"
                ],
                "failed_items": [],
                "total_affected_items": 1,
                "total_failed_items": 0
            },
            "error": 0,
            "message": "AR command was sent to all agents"
        },
        "headers": {
            "cache-control": "no-store",
            "connection": "close",
            "content-length": "169",
            "content-security-policy": "none",
            "content-type": "application/json",
            "date": "Fri, 24 Apr 2026 19:10:33 GMT",
            "referrer-policy": "no-referrer, strict-origin-when-cross-origin",
            "server": "Wazuh",
            "strict-transport-security": "max-age=63072000; includeSubdomains",
            "x-content-type-options": "nosniff",
            "x-frame-options": "deny",
            "x-xss-protection": "0"
        },
        "status": 200
    },
    "SOP1": {},
    "SOP2": {},
    "SOP3": {},
    "SOP4": {},
    "SOP5": {},
    "SOP6": {},
    "SOP7": {},
    "SOP8": {},
    "SOP8_SOAR_Processing_Time": {
        "data": 2212
    },
    "SOP8_Time_to_Control": {
        "data": 66707
    },
    "SOP9": {},
    "Time_to_Detect": {
        "data": 65
    },
    "Time_to_Respond": {
        "data": 64495
    }
},
  "run2":{
    "Get_Alert_Data": {
        "data": [
            {
                "attributes": {
                    "attributes": {
                        "agent": {
                            "id": "003",
                            "ip": "10.0.3.4",
                            "name": "ws01"
                        },
                        "data": {
                            "win": {
                                "eventdata": {
                                    "creationUtcTime": "2026-04-24 19:11:40.641",
                                    "image": "C:\\\\Windows\\\\system32\\\\WindowsPowerShell\\\\v1.0\\\\powershell.exe",
                                    "processGuid": "{826a7360-c06c-69eb-ce02-000000006200}",
                                    "processId": "9204",
                                    "targetFilename": "C:\\\\ProgramData\\\\Microsoft\\\\Windows\\\\Start Menu\\\\Programs\\\\Startup\\\\vbsstartup.vbs",
                                    "user": "ws01\\\\ws_administrator",
                                    "utcTime": "2026-04-24 19:11:40.641"
                                },
                                "system": {
                                    "channel": "Microsoft-Windows-Sysmon/Operational",
                                    "computer": "ws01.corp.soarlab.test",
                                    "eventID": "11",
                                    "eventRecordID": "491837",
                                    "keywords": "0x8000000000000000",
                                    "level": "4",
                                    "message": "\"File created:\r\nRuleName: -\r\nUtcTime: 2026-04-24 19:11:40.641\r\nProcessGuid: {826a7360-c06c-69eb-ce02-000000006200}\r\nProcessId: 9204\r\nImage: C:\\Windows\\system32\\WindowsPowerShell\\v1.0\\powershell.exe\r\nTargetFilename: C:\\ProgramData\\Microsoft\\Windows\\Start Menu\\Programs\\Startup\\vbsstartup.vbs\r\nCreationUtcTime: 2026-04-24 19:11:40.641\r\nUser: ws01\\ws_administrator\"",
                                    "opcode": "0",
                                    "processID": "4340",
                                    "providerGuid": "{5770385f-c22a-43e0-bf4c-06f5698ffbd9}",
                                    "providerName": "Microsoft-Windows-Sysmon",
                                    "severityValue": "INFORMATION",
                                    "systemTime": "2026-04-24T19:11:40.6445364Z",
                                    "task": "11",
                                    "threadID": "4676",
                                    "version": "2"
                                }
                            }
                        },
                        "decoder": {
                            "name": "windows_eventchannel"
                        },
                        "full_alert": {
                            "agent": {
                                "id": "003",
                                "ip": "10.0.3.4",
                                "name": "ws01"
                            },
                            "data": {
                                "win": {
                                    "eventdata": {
                                        "creationUtcTime": "2026-04-24 19:11:40.641",
                                        "image": "C:\\\\Windows\\\\system32\\\\WindowsPowerShell\\\\v1.0\\\\powershell.exe",
                                        "processGuid": "{826a7360-c06c-69eb-ce02-000000006200}",
                                        "processId": "9204",
                                        "targetFilename": "C:\\\\ProgramData\\\\Microsoft\\\\Windows\\\\Start Menu\\\\Programs\\\\Startup\\\\vbsstartup.vbs",
                                        "user": "ws01\\\\ws_administrator",
                                        "utcTime": "2026-04-24 19:11:40.641"
                                    },
                                    "system": {
                                        "channel": "Microsoft-Windows-Sysmon/Operational",
                                        "computer": "ws01.corp.soarlab.test",
                                        "eventID": "11",
                                        "eventRecordID": "491837",
                                        "keywords": "0x8000000000000000",
                                        "level": "4",
                                        "message": "\"File created:\r\nRuleName: -\r\nUtcTime: 2026-04-24 19:11:40.641\r\nProcessGuid: {826a7360-c06c-69eb-ce02-000000006200}\r\nProcessId: 9204\r\nImage: C:\\Windows\\system32\\WindowsPowerShell\\v1.0\\powershell.exe\r\nTargetFilename: C:\\ProgramData\\Microsoft\\Windows\\Start Menu\\Programs\\Startup\\vbsstartup.vbs\r\nCreationUtcTime: 2026-04-24 19:11:40.641\r\nUser: ws01\\ws_administrator\"",
                                        "opcode": "0",
                                        "processID": "4340",
                                        "providerGuid": "{5770385f-c22a-43e0-bf4c-06f5698ffbd9}",
                                        "providerName": "Microsoft-Windows-Sysmon",
                                        "severityValue": "INFORMATION",
                                        "systemTime": "2026-04-24T19:11:40.6445364Z",
                                        "task": "11",
                                        "threadID": "4676",
                                        "version": "2"
                                    }
                                }
                            },
                            "decoder": {
                                "name": "windows_eventchannel"
                            },
                            "id": "1777057900.8543985",
                            "location": "EventChannel",
                            "manager": {
                                "name": "wazuh01"
                            },
                            "rule": {
                                "description": "Atomic Red Team T1547.001 #4: PowerShell copied file to ProgramData Startup folder",
                                "firedtimes": 2,
                                "groups": [
                                    "atomic_red_team"
                                ],
                                "id": "100008",
                                "level": 16,
                                "mail": true,
                                "mitre": {
                                    "id": [
                                        "T1547.001"
                                    ],
                                    "tactic": [
                                        "Persistence",
                                        "Privilege Escalation"
                                    ],
                                    "technique": [
                                        "Registry Run Keys / Startup Folder"
                                    ]
                                }
                            },
                            "timestamp": "2026-04-24T19:11:40.689+0000"
                        },
                        "hostname": "ws01",
                        "location": "EventChannel",
                        "manager": {
                            "name": "wazuh01"
                        },
                        "rule": {
                            "description": "Atomic Red Team T1547.001 #4: PowerShell copied file to ProgramData Startup folder",
                            "firedtimes": 2,
                            "groups": [
                                "atomic_red_team"
                            ],
                            "id": "100008",
                            "level": 16,
                            "mail": true,
                            "mitre": {
                                "id": [
                                    "T1547.001"
                                ],
                                "tactic": [
                                    "Persistence",
                                    "Privilege Escalation"
                                ],
                                "technique": [
                                    "Registry Run Keys / Startup Folder"
                                ]
                            }
                        },
                        "service": "other",
                        "timestamp": "2026-04-24T19:11:40.689+0000",
                        "wazuh_group": "atomic_red_team",
                        "wazuh_rule_description": "Atomic Red Team T1547.001 #4: PowerShell copied file to ProgramData Startup folder",
                        "wazuh_rule_id": "100008",
                        "wazuh_rule_level": 16
                    },
                    "host": "ws01",
                    "message": "Wazuh alert 100008: Atomic Red Team T1547.001 #4: PowerShell copied file to ProgramData Startup folder",
                    "service": "other",
                    "status": "info",
                    "tags": [
                        "datadog.submission_auth:api_key",
                        "env:prod",
                        "group:atomic_red_team",
                        "platform:wazuh",
                        "source:wazuh"
                    ],
                    "timestamp": "2026-04-24T19:11:40.689Z"
                },
                "id": "AwAAAZ3A56iRKuZpOAAAABhBWjNBNTZxNEFBQ2cxN1NKNVFMSkt3QUEAAAAkZjE5ZGMwZTctYTg5MS00MWI5LTlkYWItMDdkYmQ5OGZjMzNhAAAAAA",
                "type": "log"
            }
        ],
        "meta": {
            "elapsed": 51,
            "request_id": "pddv1ChZaSll4alRneVF6V3RHNHdaVnhqOWF3IisKG60ILvMN3P-bMarjf_97OvZAjpzX1FLu4M617xIMff-Z9iPbCglMqBgD",
            "status": "done"
        }
    },
    "Get_Wazuh_Auth_Token": {
        "body": "eyJhbGciOiJFUzUxMiIsInR5cCI6IkpXVCJ9.eyJpc3MiOiJ3YXp1aCIsImF1ZCI6IldhenVoIEFQSSBSRVNUIiwibmJmIjoxNzc3MDU4MDEzLCJleHAiOjE3NzcwNTg5MTMsInN1YiI6IndhenVoIiwicnVuX2FzIjpmYWxzZSwicmJhY19yb2xlcyI6WzFdLCJyYmFjX21vZGUiOiJ3aGl0ZSJ9.AVAw-dVdxGcgQWRJH7bQPMWfQqvgacrR9_2MeENBS3Ei4eM1rsJ5Icqvzy28-13mHMGEJ9mMsPrI1sDGVrqQS5cVAUXbt4H4Gy6dHXzI-MOS9wyLB0wtU7X_2noIy3qDKL20Ll2ZojlRljsbKfLaNLuzIGoTGT6zN3pN4ZI2fKLiqkkG",
        "headers": {
            "cache-control": "no-store",
            "connection": "close",
            "content-length": "398",
            "content-security-policy": "none",
            "content-type": "text/plain",
            "date": "Fri, 24 Apr 2026 19:13:32 GMT",
            "deprecated": "true",
            "link": "<https://documentation.wazuh.com/4.14.4/user-manual/api/reference.html#operation/api.controllers.security_controller.login_user>; rel=\"Deprecated\"",
            "referrer-policy": "no-referrer, strict-origin-when-cross-origin",
            "server": "Wazuh",
            "strict-transport-security": "max-age=63072000; includeSubdomains",
            "x-content-type-options": "nosniff",
            "x-frame-options": "deny",
            "x-xss-protection": "0"
        },
        "status": 200
    },
    "Invoke_File_Eviction3": {
        "body": {
            "data": {
                "affected_items": [
                    "003"
                ],
                "failed_items": [],
                "total_affected_items": 1,
                "total_failed_items": 0
            },
            "error": 0,
            "message": "AR command was sent to all agents"
        },
        "headers": {
            "cache-control": "no-store",
            "connection": "close",
            "content-length": "169",
            "content-security-policy": "none",
            "content-type": "application/json",
            "date": "Fri, 24 Apr 2026 19:13:33 GMT",
            "referrer-policy": "no-referrer, strict-origin-when-cross-origin",
            "server": "Wazuh",
            "strict-transport-security": "max-age=63072000; includeSubdomains",
            "x-content-type-options": "nosniff",
            "x-frame-options": "deny",
            "x-xss-protection": "0"
        },
        "status": 200
    },
    "SOP1": {},
    "SOP2": {},
    "SOP3": {},
    "SOP4": {},
    "SOP5": {},
    "SOP6": {},
    "SOP7": {},
    "SOP8": {},
    "SOP8_SOAR_Processing_Time": {
        "data": 2066
    },
    "SOP8_Time_to_Control": {
        "data": 114463
    },
    "SOP9": {},
    "Time_to_Detect": {
        "data": 45
    },
    "Time_to_Respond": {
        "data": 112397
    }
},
  "run3":{
    "Get_Alert_Data": {
        "data": [
            {
                "attributes": {
                    "attributes": {
                        "agent": {
                            "id": "003",
                            "ip": "10.0.3.4",
                            "name": "ws01"
                        },
                        "data": {
                            "win": {
                                "eventdata": {
                                    "creationUtcTime": "2026-04-24 19:18:35.597",
                                    "image": "C:\\\\Windows\\\\system32\\\\WindowsPowerShell\\\\v1.0\\\\powershell.exe",
                                    "processGuid": "{826a7360-c20b-69eb-e602-000000006200}",
                                    "processId": "7076",
                                    "targetFilename": "C:\\\\ProgramData\\\\Microsoft\\\\Windows\\\\Start Menu\\\\Programs\\\\Startup\\\\vbsstartup.vbs",
                                    "user": "ws01\\\\ws_administrator",
                                    "utcTime": "2026-04-24 19:18:35.599"
                                },
                                "system": {
                                    "channel": "Microsoft-Windows-Sysmon/Operational",
                                    "computer": "ws01.corp.soarlab.test",
                                    "eventID": "11",
                                    "eventRecordID": "491900",
                                    "keywords": "0x8000000000000000",
                                    "level": "4",
                                    "message": "\"File created:\r\nRuleName: -\r\nUtcTime: 2026-04-24 19:18:35.599\r\nProcessGuid: {826a7360-c20b-69eb-e602-000000006200}\r\nProcessId: 7076\r\nImage: C:\\Windows\\system32\\WindowsPowerShell\\v1.0\\powershell.exe\r\nTargetFilename: C:\\ProgramData\\Microsoft\\Windows\\Start Menu\\Programs\\Startup\\vbsstartup.vbs\r\nCreationUtcTime: 2026-04-24 19:18:35.597\r\nUser: ws01\\ws_administrator\"",
                                    "opcode": "0",
                                    "processID": "4340",
                                    "providerGuid": "{5770385f-c22a-43e0-bf4c-06f5698ffbd9}",
                                    "providerName": "Microsoft-Windows-Sysmon",
                                    "severityValue": "INFORMATION",
                                    "systemTime": "2026-04-24T19:18:35.6001632Z",
                                    "task": "11",
                                    "threadID": "4676",
                                    "version": "2"
                                }
                            }
                        },
                        "decoder": {
                            "name": "windows_eventchannel"
                        },
                        "full_alert": {
                            "agent": {
                                "id": "003",
                                "ip": "10.0.3.4",
                                "name": "ws01"
                            },
                            "data": {
                                "win": {
                                    "eventdata": {
                                        "creationUtcTime": "2026-04-24 19:18:35.597",
                                        "image": "C:\\\\Windows\\\\system32\\\\WindowsPowerShell\\\\v1.0\\\\powershell.exe",
                                        "processGuid": "{826a7360-c20b-69eb-e602-000000006200}",
                                        "processId": "7076",
                                        "targetFilename": "C:\\\\ProgramData\\\\Microsoft\\\\Windows\\\\Start Menu\\\\Programs\\\\Startup\\\\vbsstartup.vbs",
                                        "user": "ws01\\\\ws_administrator",
                                        "utcTime": "2026-04-24 19:18:35.599"
                                    },
                                    "system": {
                                        "channel": "Microsoft-Windows-Sysmon/Operational",
                                        "computer": "ws01.corp.soarlab.test",
                                        "eventID": "11",
                                        "eventRecordID": "491900",
                                        "keywords": "0x8000000000000000",
                                        "level": "4",
                                        "message": "\"File created:\r\nRuleName: -\r\nUtcTime: 2026-04-24 19:18:35.599\r\nProcessGuid: {826a7360-c20b-69eb-e602-000000006200}\r\nProcessId: 7076\r\nImage: C:\\Windows\\system32\\WindowsPowerShell\\v1.0\\powershell.exe\r\nTargetFilename: C:\\ProgramData\\Microsoft\\Windows\\Start Menu\\Programs\\Startup\\vbsstartup.vbs\r\nCreationUtcTime: 2026-04-24 19:18:35.597\r\nUser: ws01\\ws_administrator\"",
                                        "opcode": "0",
                                        "processID": "4340",
                                        "providerGuid": "{5770385f-c22a-43e0-bf4c-06f5698ffbd9}",
                                        "providerName": "Microsoft-Windows-Sysmon",
                                        "severityValue": "INFORMATION",
                                        "systemTime": "2026-04-24T19:18:35.6001632Z",
                                        "task": "11",
                                        "threadID": "4676",
                                        "version": "2"
                                    }
                                }
                            },
                            "decoder": {
                                "name": "windows_eventchannel"
                            },
                            "id": "1777058315.8911725",
                            "location": "EventChannel",
                            "manager": {
                                "name": "wazuh01"
                            },
                            "rule": {
                                "description": "Atomic Red Team T1547.001 #4: PowerShell copied file to ProgramData Startup folder",
                                "firedtimes": 3,
                                "groups": [
                                    "atomic_red_team"
                                ],
                                "id": "100008",
                                "level": 16,
                                "mail": true,
                                "mitre": {
                                    "id": [
                                        "T1547.001"
                                    ],
                                    "tactic": [
                                        "Persistence",
                                        "Privilege Escalation"
                                    ],
                                    "technique": [
                                        "Registry Run Keys / Startup Folder"
                                    ]
                                }
                            },
                            "timestamp": "2026-04-24T19:18:35.681+0000"
                        },
                        "hostname": "ws01",
                        "location": "EventChannel",
                        "manager": {
                            "name": "wazuh01"
                        },
                        "rule": {
                            "description": "Atomic Red Team T1547.001 #4: PowerShell copied file to ProgramData Startup folder",
                            "firedtimes": 3,
                            "groups": [
                                "atomic_red_team"
                            ],
                            "id": "100008",
                            "level": 16,
                            "mail": true,
                            "mitre": {
                                "id": [
                                    "T1547.001"
                                ],
                                "tactic": [
                                    "Persistence",
                                    "Privilege Escalation"
                                ],
                                "technique": [
                                    "Registry Run Keys / Startup Folder"
                                ]
                            }
                        },
                        "service": "other",
                        "timestamp": "2026-04-24T19:18:35.681+0000",
                        "wazuh_group": "atomic_red_team",
                        "wazuh_rule_description": "Atomic Red Team T1547.001 #4: PowerShell copied file to ProgramData Startup folder",
                        "wazuh_rule_id": "100008",
                        "wazuh_rule_level": 16
                    },
                    "host": "ws01",
                    "message": "Wazuh alert 100008: Atomic Red Team T1547.001 #4: PowerShell copied file to ProgramData Startup folder",
                    "service": "other",
                    "status": "info",
                    "tags": [
                        "datadog.submission_auth:api_key",
                        "env:prod",
                        "group:atomic_red_team",
                        "platform:wazuh",
                        "source:wazuh"
                    ],
                    "timestamp": "2026-04-24T19:18:35.681Z"
                },
                "id": "AwAAAZ3A7f2hCnUk4QAAABhBWjNBN2dDT0FBQll5bDhhMHJKZmF3QUEAAAAkZjE5ZGMwZWQtZmRhMS00ZTMwLWE3MjEtMmI1N2M2MTEyNzRiAAAAAA",
                "type": "log"
            }
        ],
        "meta": {
            "elapsed": 53,
            "request_id": "pddv1ChY0SFhUMk96SFMxMjBDRU5PNExsc2xRIi0KHWyLrWBvMdsGxT1YPKYs-CisWsYsbJLEdIQNJB2tEgwaxXDK0xQX4waS24o",
            "status": "done"
        }
    },
    "Get_Wazuh_Auth_Token": {
        "body": "eyJhbGciOiJFUzUxMiIsInR5cCI6IkpXVCJ9.eyJpc3MiOiJ3YXp1aCIsImF1ZCI6IldhenVoIEFQSSBSRVNUIiwibmJmIjoxNzc3MDU4NDMzLCJleHAiOjE3NzcwNTkzMzMsInN1YiI6IndhenVoIiwicnVuX2FzIjpmYWxzZSwicmJhY19yb2xlcyI6WzFdLCJyYmFjX21vZGUiOiJ3aGl0ZSJ9.AWBwirM7RRB-0kk7yGY7UQtU7xbSiKg7DC_o7btTL7hC3Vlgf1lxC2oSwAENrhpCSL4vdJxvk6DYwnBxIH8827zMATc9SUGdoyQEgA5kI2ZirD1KtDf8iPzowtV_Ub5f-3rLN4ozZbLAZslIDUloTLjRI-6IEviqWJgzxbuocU9BSM_p",
        "headers": {
            "cache-control": "no-store",
            "connection": "close",
            "content-length": "398",
            "content-security-policy": "none",
            "content-type": "text/plain",
            "date": "Fri, 24 Apr 2026 19:20:32 GMT",
            "deprecated": "true",
            "link": "<https://documentation.wazuh.com/4.14.4/user-manual/api/reference.html#operation/api.controllers.security_controller.login_user>; rel=\"Deprecated\"",
            "referrer-policy": "no-referrer, strict-origin-when-cross-origin",
            "server": "Wazuh",
            "strict-transport-security": "max-age=63072000; includeSubdomains",
            "x-content-type-options": "nosniff",
            "x-frame-options": "deny",
            "x-xss-protection": "0"
        },
        "status": 200
    },
    "Invoke_File_Eviction3": {
        "body": {
            "data": {
                "affected_items": [
                    "003"
                ],
                "failed_items": [],
                "total_affected_items": 1,
                "total_failed_items": 0
            },
            "error": 0,
            "message": "AR command was sent to all agents"
        },
        "headers": {
            "cache-control": "no-store",
            "connection": "close",
            "content-length": "169",
            "content-security-policy": "none",
            "content-type": "application/json",
            "date": "Fri, 24 Apr 2026 19:20:33 GMT",
            "referrer-policy": "no-referrer, strict-origin-when-cross-origin",
            "server": "Wazuh",
            "strict-transport-security": "max-age=63072000; includeSubdomains",
            "x-content-type-options": "nosniff",
            "x-frame-options": "deny",
            "x-xss-protection": "0"
        },
        "status": 200
    },
    "SOP1": {},
    "SOP2": {},
    "SOP3": {},
    "SOP4": {},
    "SOP5": {},
    "SOP6": {},
    "SOP7": {},
    "SOP8": {},
    "SOP8_SOAR_Processing_Time": {
        "data": 1945
    },
    "SOP8_Time_to_Control": {
        "data": 119313
    },
    "SOP9": {},
    "Time_to_Detect": {
        "data": 81
    },
    "Time_to_Respond": {
        "data": 117368
    }
},
  "run4":{
    "Get_Alert_Data": {
        "data": [
            {
                "attributes": {
                    "attributes": {
                        "agent": {
                            "id": "003",
                            "ip": "10.0.3.4",
                            "name": "ws01"
                        },
                        "data": {
                            "win": {
                                "eventdata": {
                                    "creationUtcTime": "2026-04-24 19:21:46.597",
                                    "image": "C:\\\\Windows\\\\system32\\\\WindowsPowerShell\\\\v1.0\\\\powershell.exe",
                                    "processGuid": "{826a7360-c2ca-69eb-f602-000000006200}",
                                    "processId": "9076",
                                    "targetFilename": "C:\\\\ProgramData\\\\Microsoft\\\\Windows\\\\Start Menu\\\\Programs\\\\Startup\\\\vbsstartup.vbs",
                                    "user": "ws01\\\\ws_administrator",
                                    "utcTime": "2026-04-24 19:21:46.597"
                                },
                                "system": {
                                    "channel": "Microsoft-Windows-Sysmon/Operational",
                                    "computer": "ws01.corp.soarlab.test",
                                    "eventID": "11",
                                    "eventRecordID": "491935",
                                    "keywords": "0x8000000000000000",
                                    "level": "4",
                                    "message": "\"File created:\r\nRuleName: -\r\nUtcTime: 2026-04-24 19:21:46.597\r\nProcessGuid: {826a7360-c2ca-69eb-f602-000000006200}\r\nProcessId: 9076\r\nImage: C:\\Windows\\system32\\WindowsPowerShell\\v1.0\\powershell.exe\r\nTargetFilename: C:\\ProgramData\\Microsoft\\Windows\\Start Menu\\Programs\\Startup\\vbsstartup.vbs\r\nCreationUtcTime: 2026-04-24 19:21:46.597\r\nUser: ws01\\ws_administrator\"",
                                    "opcode": "0",
                                    "processID": "4340",
                                    "providerGuid": "{5770385f-c22a-43e0-bf4c-06f5698ffbd9}",
                                    "providerName": "Microsoft-Windows-Sysmon",
                                    "severityValue": "INFORMATION",
                                    "systemTime": "2026-04-24T19:21:46.5991490Z",
                                    "task": "11",
                                    "threadID": "4676",
                                    "version": "2"
                                }
                            }
                        },
                        "decoder": {
                            "name": "windows_eventchannel"
                        },
                        "full_alert": {
                            "agent": {
                                "id": "003",
                                "ip": "10.0.3.4",
                                "name": "ws01"
                            },
                            "data": {
                                "win": {
                                    "eventdata": {
                                        "creationUtcTime": "2026-04-24 19:21:46.597",
                                        "image": "C:\\\\Windows\\\\system32\\\\WindowsPowerShell\\\\v1.0\\\\powershell.exe",
                                        "processGuid": "{826a7360-c2ca-69eb-f602-000000006200}",
                                        "processId": "9076",
                                        "targetFilename": "C:\\\\ProgramData\\\\Microsoft\\\\Windows\\\\Start Menu\\\\Programs\\\\Startup\\\\vbsstartup.vbs",
                                        "user": "ws01\\\\ws_administrator",
                                        "utcTime": "2026-04-24 19:21:46.597"
                                    },
                                    "system": {
                                        "channel": "Microsoft-Windows-Sysmon/Operational",
                                        "computer": "ws01.corp.soarlab.test",
                                        "eventID": "11",
